<?xml version="1.0" encoding="UTF-8"?>
<testng-results ignored="0" total="2" passed="2" failed="0" skipped="0">
  <reporter-output>
  </reporter-output>
  <suite started-at="2023-01-27T14:55:02 IST" name="Default suite" finished-at="2023-01-27T14:55:05 IST" duration-ms="3052">
    <groups>
      <group name="cucumber">
        <method signature="AbstractTestNGCucumberTests.runScenario(io.cucumber.testng.PickleWrapper,io.cucumber.testng.FeatureWrapper)[pri:0, instance:TestRunner.TestNgRunner@23c30a20]" name="runScenario" class="io.cucumber.testng.AbstractTestNGCucumberTests"/>
      </group> <!-- cucumber -->
    </groups>
    <test started-at="2023-01-27T14:55:02 IST" name="Default test" finished-at="2023-01-27T14:55:05 IST" duration-ms="3052">
      <class name="TestRunner.TestNgRunner">
        <test-method is-config="true" signature="setUpClass(org.testng.ITestContext)[pri:0, instance:TestRunner.TestNgRunner@23c30a20]" started-at="2023-01-27T14:55:02 IST" name="setUpClass" finished-at="2023-01-27T14:55:03 IST" duration-ms="426" status="PASS">
          <params>
            <param index="0">
              <value>
                <![CDATA[org.testng.TestRunner@1961d75a]]>
              </value>
            </param>
          </params>
          <reporter-output>
          </reporter-output>
        </test-method> <!-- setUpClass -->
        <test-method signature="runScenario(io.cucumber.testng.PickleWrapper,io.cucumber.testng.FeatureWrapper)[pri:0, instance:TestRunner.TestNgRunner@23c30a20]" started-at="2023-01-27T14:55:03 IST" name="runScenario" description="Runs Cucumber Scenarios" data-provider="scenarios" finished-at="2023-01-27T14:55:04 IST" duration-ms="1718" status="PASS">
          <params>
            <param index="0">
              <value>
                <![CDATA["/v2/tools/price-conversion Guatemalan Quetza to British pounds API validation"]]>
              </value>
            </param>
            <param index="1">
              <value>
                <![CDATA["Currency conversion with GET API"]]>
              </value>
            </param>
          </params>
          <reporter-output>
          </reporter-output>
        </test-method> <!-- runScenario -->
        <test-method signature="runScenario(io.cucumber.testng.PickleWrapper,io.cucumber.testng.FeatureWrapper)[pri:0, instance:TestRunner.TestNgRunner@23c30a20]" started-at="2023-01-27T14:55:04 IST" name="runScenario" description="Runs Cucumber Scenarios" data-provider="scenarios" finished-at="2023-01-27T14:55:05 IST" duration-ms="860" status="PASS">
          <params>
            <param index="0">
              <value>
                <![CDATA["/v2/tools/price-conversion British pounds to Dogecoin API validation"]]>
              </value>
            </param>
            <param index="1">
              <value>
                <![CDATA["Currency conversion with GET API"]]>
              </value>
            </param>
          </params>
          <reporter-output>
          </reporter-output>
        </test-method> <!-- runScenario -->
        <test-method is-config="true" signature="tearDownClass()[pri:0, instance:TestRunner.TestNgRunner@23c30a20]" started-at="2023-01-27T14:55:05 IST" name="tearDownClass" finished-at="2023-01-27T14:55:05 IST" duration-ms="26" status="PASS">
          <reporter-output>
          </reporter-output>
        </test-method> <!-- tearDownClass -->
      </class> <!-- TestRunner.TestNgRunner -->
    </test> <!-- Default test -->
  </suite> <!-- Default suite -->
</testng-results>
